# JRE version: OpenJDK Runtime Environment (8.0_242-b01) (build 1.8.0_242-release-1644-b01)
# Java VM: OpenJDK 64-Bit Server VM (25.242-b01 mixed mode windows-amd64 compressed oops)
Heap:
 PSYoungGen      total 245248K, used 102287K [0x00000000e0000000, 0x00000000f1700000, 0x0000000100000000)
  eden space 212992K, 39% used [0x00000000e0000000,0x00000000e5128ec0,0x00000000ed000000)
  from space 32256K, 59% used [0x00000000ef780000,0x00000000f0a3af38,0x00000000f1700000)
  to   space 36352K, 0% used [0x00000000ed000000,0x00000000ed000000,0x00000000ef380000)
 ParOldGen       total 141312K, used 81064K [0x00000000a0000000, 0x00000000a8a00000, 0x00000000e0000000)
  object space 141312K, 57% used [0x00000000a0000000,0x00000000a4f2a358,0x00000000a8a00000)
 Metaspace       used 77108K, capacity 80272K, committed 80344K, reserved 1118208K
  class space    used 10258K, capacity 10956K, committed 10968K, reserved 1048576K
GC Heap History (10 events):
Event: 13.206 GC heap before
{Heap before GC invocations=15 (full 3):
 PSYoungGen      total 181760K, used 15622K [0x00000000e0000000, 0x00000000ecb80000, 0x0000000100000000)
  eden space 164864K, 0% used [0x00000000e0000000,0x00000000e0000000,0x00000000ea100000)
  from space 16896K, 92% used [0x00000000eb300000,0x00000000ec241808,0x00000000ec380000)
  to   space 18432K, 0% used [0x00000000ea100000,0x00000000ea100000,0x00000000eb300000)
 ParOldGen       total 91136K, used 26056K [0x00000000a0000000, 0x00000000a5900000, 0x00000000e0000000)
  object space 91136K, 28% used [0x00000000a0000000,0x00000000a19720b8,0x00000000a5900000)
 Metaspace       used 57128K, capacity 58980K, committed 59096K, reserved 1099776K
  class space    used 7846K, capacity 8326K, committed 8408K, reserved 1048576K
Event: 13.499 GC heap after
Heap after GC invocations=15 (full 3):
 PSYoungGen      total 181760K, used 0K [0x00000000e0000000, 0x00000000ecb80000, 0x0000000100000000)
  eden space 164864K, 0% used [0x00000000e0000000,0x00000000e0000000,0x00000000ea100000)
  from space 16896K, 0% used [0x00000000eb300000,0x00000000eb300000,0x00000000ec380000)
  to   space 18432K, 0% used [0x00000000ea100000,0x00000000ea100000,0x00000000eb300000)
 ParOldGen       total 141312K, used 36113K [0x00000000a0000000, 0x00000000a8a00000, 0x00000000e0000000)
  object space 141312K, 25% used [0x00000000a0000000,0x00000000a2344660,0x00000000a8a00000)
 Metaspace       used 57128K, capacity 58980K, committed 59096K, reserved 1099776K
  class space    used 7846K, capacity 8326K, committed 8408K, reserved 1048576K
}
Event: 16.060 GC heap before
{Heap before GC invocations=16 (full 3):
 PSYoungGen      total 181760K, used 164864K [0x00000000e0000000, 0x00000000ecb80000, 0x0000000100000000)
  eden space 164864K, 100% used [0x00000000e0000000,0x00000000ea100000,0x00000000ea100000)
  from space 16896K, 0% used [0x00000000eb300000,0x00000000eb300000,0x00000000ec380000)
  to   space 18432K, 0% used [0x00000000ea100000,0x00000000ea100000,0x00000000eb300000)
 ParOldGen       total 141312K, used 36113K [0x00000000a0000000, 0x00000000a8a00000, 0x00000000e0000000)
  object space 141312K, 25% used [0x00000000a0000000,0x00000000a2344660,0x00000000a8a00000)
 Metaspace       used 59844K, capacity 62282K, committed 62552K, reserved 1103872K
  class space    used 8226K, capacity 8737K, committed 8792K, reserved 1048576K
Event: 16.083 GC heap after
Heap after GC invocations=16 (full 3):
 PSYoungGen      total 183296K, used 13533K [0x00000000e0000000, 0x00000000ee180000, 0x0000000100000000)
  eden space 164864K, 0% used [0x00000000e0000000,0x00000000e0000000,0x00000000ea100000)
  from space 18432K, 73% used [0x00000000ea100000,0x00000000eae37598,0x00000000eb300000)
  to   space 18944K, 0% used [0x00000000ecf00000,0x00000000ecf00000,0x00000000ee180000)
 ParOldGen       total 141312K, used 36121K [0x00000000a0000000, 0x00000000a8a00000, 0x00000000e0000000)
  object space 141312K, 25% used [0x00000000a0000000,0x00000000a2346660,0x00000000a8a00000)
 Metaspace       used 59844K, capacity 62282K, committed 62552K, reserved 1103872K
  class space    used 8226K, capacity 8737K, committed 8792K, reserved 1048576K
}
Event: 23.708 GC heap before
{Heap before GC invocations=17 (full 3):
 PSYoungGen      total 183296K, used 178397K [0x00000000e0000000, 0x00000000ee180000, 0x0000000100000000)
  eden space 164864K, 100% used [0x00000000e0000000,0x00000000ea100000,0x00000000ea100000)
  from space 18432K, 73% used [0x00000000ea100000,0x00000000eae37598,0x00000000eb300000)
  to   space 18944K, 0% used [0x00000000ecf00000,0x00000000ecf00000,0x00000000ee180000)
 ParOldGen       total 141312K, used 36121K [0x00000000a0000000, 0x00000000a8a00000, 0x00000000e0000000)
  object space 141312K, 25% used [0x00000000a0000000,0x00000000a2346660,0x00000000a8a00000)
 Metaspace       used 64920K, capacity 67556K, committed 67800K, reserved 1107968K
  class space    used 8819K, capacity 9380K, committed 9432K, reserved 1048576K
Event: 23.739 GC heap after
Heap after GC invocations=17 (full 3):
 PSYoungGen      total 206336K, used 18931K [0x00000000e0000000, 0x00000000ee980000, 0x0000000100000000)
  eden space 187392K, 0% used [0x00000000e0000000,0x00000000e0000000,0x00000000eb700000)
  from space 18944K, 99% used [0x00000000ecf00000,0x00000000ee17cc80,0x00000000ee180000)
  to   space 24576K, 0% used [0x00000000eb700000,0x00000000eb700000,0x00000000ecf00000)
 ParOldGen       total 141312K, used 44542K [0x00000000a0000000, 0x00000000a8a00000, 0x00000000e0000000)
  object space 141312K, 31% used [0x00000000a0000000,0x00000000a2b7f9a8,0x00000000a8a00000)
 Metaspace       used 64920K, capacity 67556K, committed 67800K, reserved 1107968K
  class space    used 8819K, capacity 9380K, committed 9432K, reserved 1048576K
}
Event: 27.683 GC heap before
{Heap before GC invocations=18 (full 3):
 PSYoungGen      total 206336K, used 206323K [0x00000000e0000000, 0x00000000ee980000, 0x0000000100000000)
  eden space 187392K, 100% used [0x00000000e0000000,0x00000000eb700000,0x00000000eb700000)
  from space 18944K, 99% used [0x00000000ecf00000,0x00000000ee17cc80,0x00000000ee180000)
  to   space 24576K, 0% used [0x00000000eb700000,0x00000000eb700000,0x00000000ecf00000)
 ParOldGen       total 141312K, used 44542K [0x00000000a0000000, 0x00000000a8a00000, 0x00000000e0000000)
  object space 141312K, 31% used [0x00000000a0000000,0x00000000a2b7f9a8,0x00000000a8a00000)
 Metaspace       used 67673K, capacity 70512K, committed 70744K, reserved 1110016K
  class space    used 9204K, capacity 9796K, committed 9816K, reserved 1048576K
Event: 27.723 GC heap after
Heap after GC invocations=18 (full 3):
 PSYoungGen      total 211968K, used 24559K [0x00000000e0000000, 0x00000000f1b80000, 0x0000000100000000)
  eden space 187392K, 0% used [0x00000000e0000000,0x00000000e0000000,0x00000000eb700000)
  from space 24576K, 99% used [0x00000000eb700000,0x00000000ecefbfa8,0x00000000ecf00000)
  to   space 36864K, 0% used [0x00000000ef780000,0x00000000ef780000,0x00000000f1b80000)
 ParOldGen       total 141312K, used 67818K [0x00000000a0000000, 0x00000000a8a00000, 0x00000000e0000000)
  object space 141312K, 47% used [0x00000000a0000000,0x00000000a423aa60,0x00000000a8a00000)
 Metaspace       used 67673K, capacity 70512K, committed 70744K, reserved 1110016K
  class space    used 9204K, capacity 9796K, committed 9816K, reserved 1048576K
}
Event: 63.432 GC heap before
{Heap before GC invocations=19 (full 3):
 PSYoungGen      total 211968K, used 211951K [0x00000000e0000000, 0x00000000f1b80000, 0x0000000100000000)
  eden space 187392K, 100% used [0x00000000e0000000,0x00000000eb700000,0x00000000eb700000)
  from space 24576K, 99% used [0x00000000eb700000,0x00000000ecefbfa8,0x00000000ecf00000)
  to   space 36864K, 0% used [0x00000000ef780000,0x00000000ef780000,0x00000000f1b80000)
 ParOldGen       total 141312K, used 67818K [0x00000000a0000000, 0x00000000a8a00000, 0x00000000e0000000)
  object space 141312K, 47% used [0x00000000a0000000,0x00000000a423aa60,0x00000000a8a00000)
 Metaspace       used 72634K, capacity 75700K, committed 75992K, reserved 1114112K
  class space    used 9678K, capacity 10332K, committed 10456K, reserved 1048576K
Event: 63.541 GC heap after
Heap after GC invocations=19 (full 3):
 PSYoungGen      total 245248K, used 19179K [0x00000000e0000000, 0x00000000f1700000, 0x0000000100000000)
  eden space 212992K, 0% used [0x00000000e0000000,0x00000000e0000000,0x00000000ed000000)
  from space 32256K, 59% used [0x00000000ef780000,0x00000000f0a3af38,0x00000000f1700000)
  to   space 36352K, 0% used [0x00000000ed000000,0x00000000ed000000,0x00000000ef380000)
 ParOldGen       total 141312K, used 81064K [0x00000000a0000000, 0x00000000a8a00000, 0x00000000e0000000)
  object space 141312K, 57% used [0x00000000a0000000,0x00000000a4f2a358,0x00000000a8a00000)
 Metaspace       used 72634K, capacity 75700K, committed 75992K, reserved 1114112K
  class space    used 9678K, capacity 10332K, committed 10456K, reserved 1048576K
}

